2022-10-27 13:15:02,763 root INFO: [93msr0wx.py started[0m
2022-10-27 13:15:02,764 root INFO: [94m

Copyright 2009-2014 Michal Sadowski (sq6jnx at hamradio dot pl)

Licensed under the Apache License, Version 2.0 (the "License");
you may not use this file except in compliance with the License.
You may obtain a copy of the License at

    http://www.apache.org/licenses/LICENSE-2.0

Unless required by applicable law or agreed to in writing, software
distributed under the License is distributed on an "AS IS" BASIS,
WITHOUT WARRANTIES OR CONDITIONS OF ANY KIND, either express or implied.
See the License for the specific language governing permissions and
limitations under the License.

-----------------------------------------------------------

You can find full list of contributors on github.com/sq6jnx/sr0wx.py

[0m
2022-10-27 13:15:02,764 root INFO: [92mstarting <baltyk_sq2dk.BaltykSq2dk object at 0x734fabb0>...[0m
2022-10-27 13:15:02,765 baltyk_sq2dk INFO: ::: Pobieram dane...
2022-10-27 13:15:08,933 baltyk_sq2dk INFO: ::: Przetwarzam dane...

2022-10-27 13:15:08,935 baltyk_sq2dk INFO: :-sprawdzam frazy /home/sr0wx/sr0wx/baltyk_frazy.txt
2022-10-27 13:15:09,375 root INFO: [93mCTCSS tone 0.0Hz[0m

2022-10-27 13:15:09,376 root INFO: playlist elements: _ tu_eksperymentalna_automatyczna_stacja_pogodowa sr2wxg prognoza_na_obszar baltyku_se waz_na_od_godziny 12_00 utc 20-go 7-go paz_dziernika 2022 do 24_00 utc 20-go 7-go paz_dziernika 2022 baltyk_alert_0 _ wiatr pol_udniowo-zachodni 4 do 5 w_skali_b _ stan_morza 3 _ temperatura powietrza okol_o 12 stopni_celsjusza _ widzialnos_c_ dobra do sl_abej _ miejscami zamglenie _ prognoza_orientacyjna_12 wiatr pol_udniowo-zachodni 4 do 5 w_skali_b _ _ tu_sr2wxg _ sp2zie lokator kolejny_komunikat _ nic

2022-10-27 13:15:09,376 root INFO: loading sound samples...
2022-10-27 13:15:09,377 root INFO: playing sound samples

2022-10-27 13:15:10,045 root WARNING: [91mCouldn't find pl_google/nic.ogg[0m
2022-10-27 13:16:24,431 root INFO: [93mfinishing...
[0m
2022-10-27 13:16:25,432 root ERROR: [91mCouldn't close serial port[0m
Traceback (most recent call last):
  File "sr0wx-baltyk.py", line 310, in <module>
    ser.close()
NameError: name 'ser' is not defined
2022-10-27 13:16:25,433 root INFO: [93mgoodbye[0m
